"../../../OneGun/Content/Maps/Floor2_BuiltData.uasset" 0
"../../../OneGun/Content/Content/Meshes/TemplateFloor.uasset" 1
"../../../OneGun/Content/Content/Meshes/Floor/PROTO_Floor_material.uasset" 2
"../../../OneGun/Content/Content/Meshes/Wall/InternalAlcove_01.uasset" 3
"../../../OneGun/Content/Content/Props/EnvironmentalHazards/Buzzsaw/buzzsaw_BaseColor.uasset" 4
"../../../Engine/Content/Functions/Engine_MaterialFunctions01/Opacity/CameraDepthFade.uasset" 5
"../../../Engine/Content/EngineMaterials/T_Default_Material_Grid_M.uasset" 6
"../../../Engine/Content/EngineMaterials/T_Default_Material_Grid_N.uasset" 7
"../../../Engine/Content/EngineMaterials/WorldGridMaterial.uasset" 8
"../../../OneGun/Content/Content/Props/EnvironmentalHazards/ExplodingBarrel/ExplodingBarrel_BaseColor.uasset" 9
"../../../OneGun/Content/Content/Props/EnvironmentalHazards/ExplodingBarrel/ExplodingBarrel_Metalness.uasset" 10
"../../../OneGun/Content/Content/Props/EnvironmentalHazards/ExplodingBarrel/ExplodingBarrel_Normal.uasset" 11
"../../../OneGun/Content/Content/Props/EnvironmentalHazards/ExplodingBarrel/ExplodingBarrel_Roughness.uasset" 12
"../../../OneGun/Content/Content/Props/EnvironmentalHazards/ExplodingBarrel/Barrel_mat.uasset" 13
"../../../OneGun/Content/Content/Props/EnvironmentalHazards/ExplodingBarrel/ExplodingBarrel.uasset" 14
"../../../OneGun/Content/Content/Props/EnvironmentalHazards/ExplodingBarrel/ExplodingBarrel_DM.uasset" 15
"../../../Engine/Content/BasicShapes/BasicShapeMaterial.uasset" 16
"../../../Engine/Content/EngineMaterials/DefaultMaterial.uasset" 17
"../../../Engine/Content/BasicShapes/Cylinder.uasset" 18
"../../../OneGun/Content/Content/Props/EnvironmentalHazards/ExplodingBarrel/ExplodingMarrel_bp.uasset" 19
"../../../OneGun/Content/Content/Props/EnvironmentalHazards/Lasers/LaserBeam_tex.uasset" 20
"../../../OneGun/Content/Content/Props/EnvironmentalHazards/TubeCannon/Receiver_BaseColor.uasset" 21
"../../../OneGun/Content/Content/Props/EnvironmentalHazards/TubeCannon/Receiver_Metalness.uasset" 22
"../../../OneGun/Content/Content/Props/EnvironmentalHazards/TubeCannon/Receiver_Normal.uasset" 23
"../../../OneGun/Content/Content/Props/EnvironmentalHazards/TubeCannon/Receiver_Roughness.uasset" 24
"../../../OneGun/Content/Content/Props/EnvironmentalHazards/TubeCannon/Receiver_mat.uasset" 25
"../../../OneGun/Content/Content/Props/EnvironmentalHazards/TubeCannon/Receiver.uasset" 26
"../../../OneGun/Content/FirstPerson/Textures/ProjectileBasicTrail.uasset" 27
"../../../OneGun/Content/FirstPerson/Textures/ProjectileBasicTrail_Mat.uasset" 28
"../../../OneGun/Content/FirstPersonBP/Blueprints/ProjectileBasicExplosion.uasset" 29
"../../../OneGun/Content/FirstPersonBP/Blueprints/FirstPersonProjectile_DespawnEffect.uasset" 30
"../../../OneGun/Content/Content/Props/Lights/Material_001.uasset" 31
"../../../Engine/Content/BasicShapes/Sphere.uasset" 32
"../../../OneGun/Content/Content/Props/EnvironmentalHazards/TubeCannon/TubeCannonProjectileActor.uasset" 33
"../../../OneGun/Content/Content/Props/EnvironmentalHazards/TubeCannon/TubeCannon_BaseColor.uasset" 34
"../../../OneGun/Content/Content/Props/EnvironmentalHazards/TubeCannon/TubeCannon_Metalness.uasset" 35
"../../../OneGun/Content/Content/Props/EnvironmentalHazards/TubeCannon/TubeCannon_Normal.uasset" 36
"../../../OneGun/Content/Content/Props/EnvironmentalHazards/TubeCannon/TubeCannon_Roughness.uasset" 37
"../../../OneGun/Content/Content/Props/EnvironmentalHazards/TubeCannon/TubeCannon_mat.uasset" 38
"../../../OneGun/Content/Content/Props/EnvironmentalHazards/TubeCannon/TubeCannon.uasset" 39
"../../../OneGun/Content/Content/Props/EnvironmentalHazards/TubeCannon/TubeCannonActor.uasset" 40
"../../../Engine/Content/BasicShapes/Cube.uasset" 41
"../../../OneGun/Content/Content/Props/Placeables/TargetPractice/GlowyRings_mat.uasset" 42
"../../../OneGun/Content/Content/Props/Placeables/TargetPractice/TargetPractice_painted_BaseColor.uasset" 43
"../../../OneGun/Content/Content/Props/Placeables/TargetPractice/TargetPractice_painted_Metalness.uasset" 44
"../../../OneGun/Content/Content/Props/Placeables/TargetPractice/TargetPractice_painted_Normal.uasset" 45
"../../../OneGun/Content/Content/Props/Placeables/TargetPractice/TargetPractice_painted_Roughness.uasset" 46
"../../../OneGun/Content/Content/Props/Placeables/TargetPractice/TargetPractice_mat.uasset" 47
"../../../OneGun/Content/Content/Props/Placeables/TargetPractice/TargetPractice_painted.uasset" 48
"../../../OneGun/Content/Content/Props/Placeables/TargetPractice/TargetPractice_bp.uasset" 49
"../../../OneGun/Content/FirstPersonBP/Blueprints/HUD/PressEToInteract.uasset" 50
"../../../OneGun/Content/Content/Props/Placeables/GenericButton/GenericButton.uasset" 51
"../../../OneGun/Content/FirstPerson/Character/Mesh/SK_Mannequin_Arms_Skeleton.uasset" 52
"../../../OneGun/Content/FirstPerson/Animations/FirstPerson_Idle.uasset" 53
"../../../OneGun/Content/FirstPerson/Animations/FirstPerson_JumpEnd.uasset" 54
"../../../OneGun/Content/FirstPerson/Animations/FirstPerson_JumpLoop.uasset" 55
"../../../OneGun/Content/FirstPerson/Animations/FirstPerson_JumpStart.uasset" 56
"../../../OneGun/Content/FirstPerson/Animations/FirstPerson_Run.uasset" 57
"../../../Engine/Content/EditorBlueprintResources/StandardMacros.uasset" 58
"../../../OneGun/Content/FirstPerson/Animations/FirstPerson_AnimBP.uasset" 59
"../../../OneGun/Content/FirstPerson/Animations/FirstPerson_Fire.uasset" 60
"../../../OneGun/Content/FirstPerson/Animations/FirstPersonFire_Montage.uasset" 61
"../../../OneGun/Content/Content/Props/Placeables/Door/Door_Skeleton.uasset" 62
"../../../OneGun/Content/Content/Props/Placeables/Door/ANIM_Door.uasset" 63
"../../../OneGun/Content/Content/Props/Placeables/Door/ANIM_DoorBackwards.uasset" 64
"../../../OneGun/Content/FirstPersonBP/Blueprints/I_Interactable.uasset" 65
"../../../OneGun/Content/Utility/I_OnRoomClear.uasset" 66
"../../../OneGun/Content/Utility/MyGameInstance.uasset" 67
"../../../OneGun/Content/Content/Props/Placeables/Door/Door_Door_BaseColor.uasset" 68
"../../../OneGun/Content/Content/Props/Placeables/Door/Door_Door_Normal.uasset" 69
"../../../OneGun/Content/Content/Props/Placeables/Door/Door_Door_OcclusionRoughnessMetallic.uasset" 70
"../../../OneGun/Content/Content/Props/Placeables/Door/MAT_DoorDoor.uasset" 71
"../../../OneGun/Content/Content/Props/Placeables/Door/Door_Frame_BaseColor.uasset" 72
"../../../OneGun/Content/Content/Props/Placeables/Door/Door_Frame_Normal.uasset" 73
"../../../OneGun/Content/Content/Props/Placeables/Door/Door_Frame_OcclusionRoughnessMetallic.uasset" 74
"../../../OneGun/Content/Content/Props/Placeables/Door/MAT_DoorFrame.uasset" 75
"../../../OneGun/Content/Content/Props/Placeables/Door/MAT_DoorWindow.uasset" 76
"../../../OneGun/Content/Content/Props/Placeables/Door/Door_PhysicsAsset.uasset" 77
"../../../OneGun/Content/Content/Props/Placeables/Door/Door.uasset" 78
"../../../OneGun/Content/Content/Props/Placeables/Door/BP_Door.uasset" 79
"../../../OneGun/Content/Content/Props/Upgrades/I_Upgrades.uasset" 80
"../../../OneGun/Content/FirstPerson/Meshes/FirstPersonProjectileMaterial.uasset" 81
"../../../OneGun/Content/FirstPerson/Meshes/FirstPersonProjectileMesh.uasset" 82
"../../../OneGun/Content/FirstPersonBP/Blueprints/ProjectileBasicTrail.uasset" 83
"../../../OneGun/Content/FirstPersonBP/Blueprints/FirstPersonProjectile.uasset" 84
"../../../OneGun/Content/FirstPerson/Audio/FirstPersonTemplateWeaponFire02.uasset" 85
"../../../Engine/Content/Functions/Engine_MaterialFunctions02/Utility/BlendAngleCorrectedNormals.uasset" 86
"../../../Engine/Content/Functions/MaterialLayerFunctions/MatLayerBlend_NormalBlend.uasset" 87
"../../../Engine/Content/Functions/MaterialLayerFunctions/MatLayerBlend_Simple.uasset" 88
"../../../OneGun/Content/FirstPerson/Character/Materials/MaterialLayers/T_ML_Rubber_Blue_01_D.uasset" 89
"../../../OneGun/Content/FirstPerson/Character/Materials/MaterialLayers/T_ML_Rubber_Blue_01_N.uasset" 90
"../../../OneGun/Content/FirstPerson/Character/Materials/MaterialLayers/ML_GlossyBlack_Latex_UE4.uasset" 91
"../../../OneGun/Content/FirstPerson/Character/Materials/MaterialLayers/ML_Plastic_Shiny_Beige.uasset" 92
"../../../OneGun/Content/FirstPerson/Character/Textures/UE4_LOGO_CARD.uasset" 93
"../../../OneGun/Content/FirstPerson/Character/Materials/MaterialLayers/ML_Plastic_Shiny_Beige_LOGO.uasset" 94
"../../../OneGun/Content/FirstPerson/Character/Materials/MaterialLayers/T_ML_Aluminum01.uasset" 95
"../../../OneGun/Content/FirstPerson/Character/Materials/MaterialLayers/T_ML_Aluminum01_N.uasset" 96
"../../../OneGun/Content/FirstPerson/Character/Materials/MaterialLayers/ML_SoftMetal_UE4.uasset" 97
"../../../OneGun/Content/FirstPerson/Character/Textures/UE4_Mannequin__normals.uasset" 98
"../../../OneGun/Content/FirstPerson/Character/Textures/UE4_Mannequin_MAT_MASKA.uasset" 99
"../../../OneGun/Content/FirstPerson/Character/Materials/M_UE4Man_Body.uasset" 100
"../../../OneGun/Content/FirstPerson/Character/Mesh/SK_Mannequin_Arms_PhysicsAsset.uasset" 101
"../../../OneGun/Content/FirstPerson/Character/Mesh/SK_Mannequin_Arms.uasset" 102
"../../../OneGun/Content/FirstPerson/FPWeapon/Materials/MaterialLayers/T_ML_Rubber_Blue_01_D.uasset" 103
"../../../OneGun/Content/FirstPerson/FPWeapon/Materials/MaterialLayers/T_ML_Rubber_Blue_01_N.uasset" 104
"../../../OneGun/Content/FirstPerson/FPWeapon/Materials/MaterialLayers/ML_GlossyBlack_Latex_UE4.uasset" 105
"../../../OneGun/Content/FirstPerson/FPWeapon/Materials/MaterialLayers/ML_Plastic_Shiny_Beige.uasset" 106
"../../../OneGun/Content/FirstPerson/FPWeapon/Materials/MaterialLayers/ML_Screen.uasset" 107
"../../../OneGun/Content/FirstPerson/FPWeapon/Materials/MaterialLayers/T_ML_Aluminum01.uasset" 108
"../../../OneGun/Content/FirstPerson/FPWeapon/Materials/MaterialLayers/T_ML_Aluminum01_N.uasset" 109
"../../../OneGun/Content/FirstPerson/FPWeapon/Materials/MaterialLayers/ML_SoftMetal_UE4.uasset" 110
"../../../OneGun/Content/FirstPerson/FPWeapon/Textures/T_FPGun_M.uasset" 111
"../../../OneGun/Content/FirstPerson/FPWeapon/Textures/T_FPGun_N.uasset" 112
"../../../OneGun/Content/FirstPerson/FPWeapon/Materials/M_FPGun.uasset" 113
"../../../OneGun/Content/FirstPerson/FPWeapon/Mesh/SK_FPGun_Skeleton.uasset" 114
"../../../OneGun/Content/FirstPerson/FPWeapon/Mesh/SK_FPGun.uasset" 115
"../../../OneGun/Content/Content/Fonts/visitor2.uasset" 116
"../../../OneGun/Content/Content/Fonts/Font_visitor2.uasset" 117
"../../../OneGun/Content/FirstPersonBP/Blueprints/HUD/DodgeBar/HUD_DodgeHud.uasset" 118
"../../../OneGun/Content/FirstPersonBP/Blueprints/HUD/game_over.uasset" 119
"../../../OneGun/Content/FirstPersonBP/Blueprints/HUD/GameOver.uasset" 120
"../../../OneGun/Content/FirstPersonBP/Blueprints/HUD/HealthBar/Health.uasset" 121
"../../../OneGun/Content/FirstPersonBP/Blueprints/HUD/HealthBar/Health_Mask.uasset" 122
"../../../OneGun/Content/FirstPersonBP/Blueprints/HUD/HealthBar/MAT_Healthbar.uasset" 123
"../../../OneGun/Content/FirstPersonBP/Blueprints/HUD/HealthBar/Shields.uasset" 124
"../../../OneGun/Content/FirstPersonBP/Blueprints/HUD/HealthBar/Shields_Mask.uasset" 125
"../../../OneGun/Content/FirstPersonBP/Blueprints/HUD/HealthBar/MAT_Shieldbar.uasset" 126
"../../../OneGun/Content/FirstPersonBP/Blueprints/HUD/HealthBar/Health_Bg.uasset" 127
"../../../OneGun/Content/FirstPersonBP/Blueprints/HUD/HealthBar/HUD_HealthAndShields.uasset" 128
"../../../OneGun/Content/FirstPersonBP/Blueprints/HUD/HUD_Console.uasset" 129
"../../../OneGun/Content/FirstPersonBP/Blueprints/HUD/HUD_Consumables.uasset" 130
"../../../OneGun/Content/FirstPersonBP/Blueprints/HUD/LoadingScreen.uasset" 131
"../../../Engine/Content/Functions/Engine_MaterialFunctions01/Opacity/AlphaOffset.uasset" 132
"../../../Engine/Content/Functions/Engine_MaterialFunctions02/Utility/VectorLength.uasset" 133
"../../../OneGun/Content/FirstPersonBP/Blueprints/HUD/Minimap/TEX_MinimapRender.uasset" 134
"../../../OneGun/Content/FirstPersonBP/Blueprints/HUD/Minimap/MAT_Minimap.uasset" 135
"../../../OneGun/Content/FirstPersonBP/Blueprints/HUD/Minimap/HUD_Minimap.uasset" 136
"../../../OneGun/Content/FirstPersonBP/Blueprints/HUD/TabMenu.uasset" 137
"../../../OneGun/Content/FirstPersonBP/Blueprints/HUD/WeaponHud/TEX_WeaponHud.uasset" 138
"../../../OneGun/Content/FirstPersonBP/Blueprints/HUD/WeaponHud/MAT_WeaponHud.uasset" 139
"../../../OneGun/Content/FirstPersonBP/Blueprints/HUD/WeaponHud/HUD_WeaponHud.uasset" 140
"../../../OneGun/Content/FirstPersonBP/Blueprints/FirstPersonCharacter.uasset" 141
"../../../OneGun/Content/Content/Props/Pickups/Healthpacks/HealthpackCoreMaterial.uasset" 142
"../../../OneGun/Content/Content/Props/Pickups/Healthpacks/normal.uasset" 143
"../../../OneGun/Content/Content/Props/Pickups/Healthpacks/HealthpackMaterial.uasset" 144
"../../../OneGun/Content/Content/Props/Pickups/Healthpacks/healthpack_sound.uasset" 145
"../../../OneGun/Content/Content/Props/Pickups/Healthpacks/HealthMote_bp.uasset" 146
"../../../Engine/Content/BasicShapes/Cone.uasset" 147
"../../../OneGun/Content/Content/Props/Placeables/HealthMoteSpawn/HealthMoteSpawn_bp.uasset" 148
"../../../OneGun/Content/Content/Props/Placeables/HealthMoteSpawn/HealthMoteSpawn_mat.uasset" 149
"../../../OneGun/Content/Content/Props/Placeables/Lootcrate/clouds2.uasset" 150
"../../../OneGun/Content/Content/Props/Placeables/Lootcrate/Hex/CrateRarityBlue.uasset" 151
"../../../OneGun/Content/Content/Props/Placeables/Lootcrate/Rusty/CrateRarityWhite.uasset" 152
"../../../OneGun/Content/Content/Props/EnvironmentalHazards/Lasers/LaserBeam_mat.uasset" 153
"../../../OneGun/Content/FirstPersonBP/Blueprints/LaserDot.uasset" 154
"../../../OneGun/Content/Enemies/BP_EnemyProjectile_01.uasset" 155
"../../../OneGun/Content/Enemies/BP_BaseEnemyProjectile.uasset" 156
"../../../OneGun/Content/Enemies/HUD_EnemyHealth.uasset" 157
"../../../OneGun/Content/Enemies/ENEMY_StationaryTurret.uasset" 158
"../../../OneGun/Content/FirstPerson/FPWeapon/Materials/MaterialLayers/ML_Plastic_Shiny_Beige_LOGO.uasset" 159
"../../../OneGun/Content/FirstPerson/FPWeapon/Materials/MaterialLayers/T_ML_FineRubber.uasset" 160
"../../../OneGun/Content/FirstPerson/FPWeapon/Mesh/SK_FPGun_PhysicsAsset.uasset" 161
"../../../OneGun/Content/FirstPerson/Meshes/BaseMaterial.uasset" 162
"../../../OneGun/Content/FirstPerson/Meshes/CubeMaterialOverride.uasset" 163
"../../../OneGun/Content/FirstPerson/Textures/ProjectileBasicDecalHit.uasset" 164
"../../../OneGun/Content/FirstPerson/Textures/ProjectileBasicDecalHit_Mat.uasset" 165
"../../../Engine/Content/Functions/Engine_MaterialFunctions01/Gradient/LinearGradient.uasset" 166
"../../../OneGun/Content/FirstPersonBP/Blueprints/MAT_Beam.uasset" 167
"../../../OneGun/Content/FirstPersonBP/Blueprints/HUD/DodgeBar/DodgeBar.uasset" 168
"../../../OneGun/Content/FirstPersonBP/Blueprints/HUD/DodgeBar/DodgeHud.uasset" 169
"../../../OneGun/Content/FirstPersonBP/Blueprints/HUD/DodgeBar/MAT_DodgeHud.uasset" 170
"../../../OneGun/Content/FirstPersonBP/Blueprints/HUD/HealthBar/HUD_HealthAndShields2.uasset" 171
"../../../OneGun/Content/FirstPersonBP/Blueprints/HUD/Minimap/BP_CaptureMinimap.uasset" 172
"../../../OneGun/Content/Content/Meshes/Floor/T_Floor.uasset" 173
"../../../OneGun/Content/Content/Meshes/Floor/M_FloorMaterial.uasset" 174
"../../../OneGun/Content/Content/Meshes/M_CubeMaterial.uasset" 175
"../../../OneGun/Content/Content/Props/Pickups/Shield/EnergyShield_mat.uasset" 176
"../../../OneGun/Content/Content/Props/Props/GodRay/clouds.uasset" 177
"../../../OneGun/Content/Content/Props/Props/GodRay/GodRay_mat.uasset" 178
"../../../OneGun/Content/Geometry/Levels/Crossroads1x1/Crossroad1x1_001.uasset" 179
"../../../OneGun/Content/Geometry/Levels/Crossroads1x1/BP_Crossroad1x1_001.uasset" 180
"../../../OneGun/Content/Geometry/Walls/Walls.uasset" 181
"../../../OneGun/Content/Geometry/Walls/Mats/Wall.uasset" 182
"../../../OneGun/Content/Utility/Marker/marker_tex.uasset" 183
"../../../OneGun/Content/Utility/Marker/marker_mat.uasset" 184
"../../../OneGun/Content/Utility/Marker/marker.uasset" 185
"../../../OneGun/Content/Utility/Marker/BP_Marker.uasset" 186
"../../../Engine/Content/BasicShapes/Plane.uasset" 187
"../../../Engine/Content/EditorLandscapeResources/DataLayer.uasset" 188
"../../../Engine/Content/EditorMaterials/GizmoMaterial.uasset" 189
"../../../Engine/Content/EditorMaterials/MAT_Groups_Toggle.uasset" 190
"../../../Engine/Content/EditorMaterials/MAT_Groups_Visibility.uasset" 191
"../../../Engine/Content/EditorMaterials/PreviewShadowIndicator.uasset" 192
"../../../Engine/Content/EditorMaterials/PreviewShadowIndicatorMaterial.uasset" 193
"../../../Engine/Content/EditorMaterials/AssetViewer/EpicQuadPanorama_CC+EV1.uasset" 194
"../../../Engine/Content/EditorMaterials/MatineeGroups/MAT_ColorTrack.uasset" 195
"../../../Engine/Content/EditorMaterials/MatineeGroups/MAT_Groups_Anim.uasset" 196
"../../../Engine/Content/EditorMaterials/MatineeGroups/MAT_Groups_AudioMaster.uasset" 197
"../../../Engine/Content/EditorMaterials/MatineeGroups/MAT_Groups_Director.uasset" 198
"../../../Engine/Content/EditorMaterials/MatineeGroups/MAT_Groups_Event.uasset" 199
"../../../Engine/Content/EditorMaterials/MatineeGroups/MAT_Groups_Fade.uasset" 200
"../../../Engine/Content/EditorMaterials/MatineeGroups/MAT_Groups_Float.uasset" 201
"../../../Engine/Content/EditorMaterials/MatineeGroups/MAT_Groups_Move.uasset" 202
"../../../Engine/Content/EditorMaterials/MatineeGroups/MAT_Groups_Slomo.uasset" 203
"../../../Engine/Content/EditorMaterials/MatineeGroups/MAT_Groups_Sound.uasset" 204
"../../../Engine/Content/EditorMaterials/MatineeGroups/MAT_Groups_Vector.uasset" 205
"../../../Engine/Content/EditorMaterials/ParticleSystems/PSysThumbnail_NoImage.uasset" 206
"../../../Engine/Content/EditorMaterials/ParticleSystems/PSysThumbnail_OOD.uasset" 207
"../../../Engine/Content/EditorMaterials/Camera/CineMat.uasset" 208
"../../../Engine/Content/EditorMaterials/Camera/MI_CineMat_Rig.uasset" 209
"../../../Engine/Content/EditorMeshes/Camera/SM_CraneRig_Arm.uasset" 210
"../../../Engine/Content/EditorMeshes/Camera/SM_CraneRig_Base.uasset" 211
"../../../Engine/Content/EditorMeshes/Camera/SM_CraneRig_Body.uasset" 212
"../../../Engine/Content/EditorMeshes/Camera/SM_CraneRig_Mount.uasset" 213
"../../../Engine/Content/EditorMeshes/Camera/SM_RailRig_Mount.uasset" 214
"../../../Engine/Content/EditorMeshes/Camera/SM_RailRig_Track.uasset" 215
"../../../Engine/Content/EditorMeshes/ColorCalibrator/M_ChromeBall.uasset" 216
"../../../Engine/Content/EditorMeshes/ColorCalibrator/M_ClearCoat.uasset" 217
"../../../Engine/Content/EditorMeshes/ColorCalibrator/M_ClearCoatBlack.uasset" 218
"../../../Engine/Content/EditorMeshes/ColorCalibrator/T_ColorGrid.uasset" 219
"../../../Engine/Content/EditorMeshes/ColorCalibrator/M_ColorGrid.uasset" 220
"../../../Engine/Content/EditorMeshes/ColorCalibrator/M_GreyBall.uasset" 221
"../../../Engine/Content/EditorMeshes/ColorCalibrator/SM_ColorCalibrator.uasset" 222
"../../../Engine/Content/EditorResources/BSPVertex.uasset" 223
"../../../Engine/Content/EditorResources/EmptyActor.uasset" 224
"../../../Engine/Content/EditorResources/S_Actor.uasset" 225
"../../../Engine/Content/EditorResources/S_Trigger.uasset" 226
"../../../Engine/Content/EditorResources/LightIcons/S_LightError.uasset" 227
"../../../Engine/Content/EditorResources/SequenceRecorder/Countdown.uasset" 228
"../../../Engine/Content/EditorResources/SequenceRecorder/RecordingIndicator.uasset" 229
"../../../Engine/Content/EditorSounds/Notifications/CompileFailed.uasset" 230
"../../../Engine/Content/EditorSounds/Notifications/CompileFailed_Cue.uasset" 231
"../../../Engine/Content/EditorSounds/Notifications/CompileSuccess.uasset" 232
"../../../Engine/Content/EditorSounds/Notifications/CompileStart_Cue.uasset" 233
"../../../Engine/Content/EditorSounds/Notifications/CompileSuccess_Cue.uasset" 234
"../../../Engine/Content/EngineDamageTypes/DmgTypeBP_Environmental.uasset" 235
"../../../Engine/Content/EngineDebugMaterials/HeatmapGradient.uasset" 236
"../../../Engine/Content/EngineDebugMaterials/BoneWeightMaterial.uasset" 237
"../../../Engine/Content/EngineDebugMaterials/ClothMaterial.uasset" 238
"../../../Engine/Content/EngineDebugMaterials/DebugMeshMaterial.uasset" 239
"../../../Engine/Content/EngineDebugMaterials/GeomMaterial.uasset" 240
"../../../Engine/Content/EngineFonts/Faces/RobotoBold.uasset" 241
"../../../Engine/Content/EngineFonts/Faces/RobotoBoldItalic.uasset" 242
"../../../Engine/Content/EngineFonts/Faces/RobotoItalic.uasset" 243
"../../../Engine/Content/EngineFonts/Faces/RobotoLight.uasset" 244
"../../../Engine/Content/EngineFonts/Faces/RobotoRegular.uasset" 245
"../../../Engine/Content/EngineFonts/Roboto.uasset" 246
"../../../Engine/Content/EngineFonts/Faces/RobotoTiny.uasset" 247
"../../../Engine/Content/EngineFonts/RobotoTiny.uasset" 248
"../../../Engine/Content/EngineMaterials/DefaultBloomKernel.uasset" 249
"../../../Engine/Content/EngineMaterials/DefaultBokeh.uasset" 250
"../../../Engine/Content/EngineMaterials/DefaultDiffuse.uasset" 251
"../../../Engine/Content/EngineMaterials/DefaultDeferredDecalMaterial.uasset" 252
"../../../Engine/Content/EngineMaterials/DefaultLightFunctionMaterial.uasset" 253
"../../../Engine/Content/EngineMaterials/DefaultPhysicalMaterial.uasset" 254
"../../../Engine/Content/Functions/Engine_MaterialFunctions02/Utility/BreakOutFloat2Components.uasset" 255
"../../../Engine/Content/EngineMaterials/DefaultPostProcessMaterial.uasset" 256
"../../../Engine/Content/EngineFonts/RobotoDistanceField.uasset" 257
"../../../Engine/Content/EngineMaterials/DefaultTextMaterialOpaque.uasset" 258
"../../../Engine/Content/EngineMaterials/DefaultWhiteGrid.uasset" 259
"../../../Engine/Content/EngineMaterials/EditorBrushMaterial.uasset" 260
"../../../Engine/Content/EngineMaterials/Good64x64TilingNoiseHighFreq.uasset" 261
"../../../Engine/Content/EngineMaterials/MiniFont.uasset" 262
"../../../Engine/Content/EngineMaterials/InvalidLightmapSettings.uasset" 263
"../../../Engine/Content/EngineMaterials/M_InvalidLightmapSettings.uasset" 264
"../../../Engine/Content/EngineMaterials/PhAT_JointLimitMaterial.uasset" 265
"../../../Engine/Content/EngineMaterials/PreintegratedSkinBRDF.uasset" 266
"../../../Engine/Content/EngineMaterials/RemoveSurfaceMaterial.uasset" 267
"../../../Engine/Content/EngineMaterials/WeightMapPlaceholderTexture.uasset" 268
"../../../Engine/Content/EngineResources/WhiteSquareTexture.uasset" 269
"../../../Engine/Content/EngineMaterials/Widget3DPassThrough.uasset" 270
"../../../Engine/Content/EngineMaterials/Widget3DPassThrough_Masked.uasset" 271
"../../../Engine/Content/EngineMaterials/Widget3DPassThrough_Opaque.uasset" 272
"../../../Engine/Content/EngineMaterials/Widget3DPassThrough_Masked_OneSided.uasset" 273
"../../../Engine/Content/EngineMaterials/Widget3DPassThrough_Opaque_OneSided.uasset" 274
"../../../Engine/Content/EngineMaterials/Widget3DPassThrough_Translucent.uasset" 275
"../../../Engine/Content/EngineMaterials/Widget3DPassThrough_Translucent_OneSided.uasset" 276
"../../../Engine/Content/EngineMeshes/Cube.uasset" 277
"../../../Engine/Content/EngineMeshes/Cylinder.uasset" 278
"../../../Engine/Content/EngineMeshes/Sphere.uasset" 279
"../../../Engine/Content/EngineResources/Black.uasset" 280
"../../../Engine/Content/EngineResources/DefaultTexture.uasset" 281
"../../../Engine/Content/EngineResources/DefaultTextureCube.uasset" 282
"../../../Engine/Content/EngineResources/GradientTexture0.uasset" 283
"../../../Engine/Content/EngineSounds/Master.uasset" 284
"../../../Engine/Content/Functions/Engine_MaterialFunctions01/Shading/ConvertFromDiffSpec.uasset" 285
"../../../Engine/Content/Functions/Engine_MaterialFunctions01/Shading/PowerToRoughness.uasset" 286
"../../../Engine/Content/Maps/Templates/Thumbnails/Default.uasset" 287
"../../../Engine/Content/Maps/Templates/Thumbnails/VR-Basic.uasset" 288
"../../../Engine/Content/MobileResources/T_MobileControls_texture.uasset" 289
"../../../Engine/Content/MobileResources/T_MobileMenu2.uasset" 290
"../../../Engine/Content/MobileResources/HUD/AnalogHat.uasset" 291
"../../../Engine/Content/MobileResources/HUD/VirtualJoystick_Background.uasset" 292
"../../../Engine/Content/MobileResources/HUD/VirtualJoystick_Thumb.uasset" 293
"../../../Engine/Content/MobileResources/HUD/DefaultVirtualJoysticks.uasset" 294
"../../../Engine/Content/MobileResources/HUD/LeftVirtualJoystickOnly.uasset" 295
"../../../Engine/Content/MobileResources/HUD/MobileHUDButton1_off.uasset" 296
"../../../Engine/Content/MobileResources/HUD/MobileHUDButton1_on.uasset" 297
"../../../Engine/Content/MobileResources/HUD/MobileHUDButton2_off.uasset" 298
"../../../Engine/Content/MobileResources/HUD/MobileHUDButton2_on.uasset" 299
"../../../Engine/Content/MobileResources/HUD/MobileHUDButton3.uasset" 300
"../../../Engine/Content/MobileResources/HUD/MobileHUDButtonFire.uasset" 301
"../../../Engine/Content/MobileResources/HUD/MobileHUDDirectionPad.uasset" 302
"../../../Engine/Content/MobileResources/HUD/MobileHUDDirectionPad2.uasset" 303
"../../../Engine/Content/MobileResources/HUD/MobileHUDDirectionPad3.uasset" 304
"../../../Engine/Content/MobileResources/HUD/MobileHUDDirectionStick.uasset" 305
"../../../Engine/Content/MobileResources/HUD/T_Castle_ThumbstickInner.uasset" 306
"../../../Engine/Content/MobileResources/HUD/T_Castle_ThumbstickOutter.uasset" 307
"../../../Engine/Content/Tutorial/ContentIntroCurve.uasset" 308
"../../../Engine/Content/Tutorial/Basics/TutorialAssets/icon_tab_Levels_40x.uasset" 309
"../../../Engine/Content/Tutorial/BlueprintTutorials/TutorialAssets/BlueprintInterface_64x.uasset" 310
"../../../Engine/Content/Tutorial/BlueprintTutorials/TutorialAssets/BlueprintMacroLibrary_64x.uasset" 311
"../../../Engine/Content/Tutorial/BlueprintTutorials/TutorialAssets/Blueprint_64x.uasset" 312
"../../../Engine/Content/Tutorial/BlueprintTutorials/TutorialAssets/Tutorial_BP_Interface.uasset" 313
"../../../Engine/Content/Tutorial/Foliage/TutorialAssets/Foliage.uasset" 314
"../../../Engine/Content/Tutorial/Landscape/TutorialAssets/Landscape.uasset" 315
"../../../Engine/Content/Tutorial/Paper2D/TutorialAssets/Paper2DFlipbook_TutorialIcon.uasset" 316
"../../../Engine/Content/Tutorial/Paper2D/TutorialAssets/Paper2DSprite_TutorialIcon.uasset" 317
"../../../Engine/Content/Tutorial/SubEditors/TutorialAssets/icon_Editor_Preferences_General_40x.uasset" 318
"../../../Engine/Content/Tutorial/SubEditors/TutorialAssets/icon_ShowSkeletalMeshes_40x.uasset" 319
"../../../Engine/Content/Tutorial/SubEditors/TutorialAssets/TutorialMaterial.uasset" 320
"../../../Engine/Content/Tutorial/SubEditors/TutorialAssets/T_SmokeSubUV_8X8.uasset" 321
"../../../Engine/Content/Tutorial/SubEditors/TutorialAssets/T_soft_smoke.uasset" 322
"../../../Engine/Content/Tutorial/SubEditors/TutorialAssets/M_smoke_subUV_blackbody.uasset" 323
"../../../Engine/Content/Tutorial/SubEditors/TutorialAssets/TutorialParticleSystem.uasset" 324
"../../../Engine/Content/EditorMeshes/EditorCube.uasset" 325
"../../../Engine/Content/Tutorial/SubEditors/TutorialAssets/Tutorial_DM.uasset" 326
"../../../Engine/Content/VREditor/Devices/Generic/GenericHMDMaterial.uasset" 327
"../../../Engine/Content/VREditor/Devices/Generic/GenericHMD.uasset" 328
"../../../Engine/Content/VREditor/FloatingText/LineMaterial.uasset" 329
"../../../Engine/Content/VREditor/FloatingText/JointSphere.uasset" 330
"../../../Engine/Content/VREditor/FloatingText/LineSegmentCylinder.uasset" 331
"../../../Engine/Content/VREditor/Fonts/VRText_RobotoLarge.uasset" 332
"../../../Engine/Content/VREditor/Fonts/VRTextMaterial.uasset" 333
"../../../Engine/Content/VREditor/Fonts/TranslucentVRTextMaterial.uasset" 334
"../../../Engine/Content/VREditor/LaserPointer/VR_LaserPower_01.uasset" 335
"../../../Engine/Content/VREditor/TransformGizmo/TransformGizmoMaterial.uasset" 336
"../../../Engine/Content/VREditor/LaserPointer/HoverMaterial.uasset" 337
"../../../Engine/Content/VREditor/TransformGizmo/TranslucentTransformGizmoMaterial.uasset" 338
"../../../Engine/Content/VREditor/LaserPointer/TranslucentHoverMaterial.uasset" 339
"../../../Engine/Content/VREditor/LaserPointer/HoverMesh.uasset" 340
"../../../Engine/Content/VREditor/LaserPointer/LaserPointerMaterial.uasset" 341
"../../../Engine/Content/VREditor/LaserPointer/LaserPointerMaterialInst.uasset" 342
"../../../Engine/Content/VREditor/LaserPointer/TranslucentLaserPointerMaterialInst.uasset" 343
"../../../Engine/Content/VREditor/LaserPointer/LaserPointerMesh.uasset" 344
"../../../Engine/Content/VREditor/LaserPointer/LaserPointerMesh_End.uasset" 345
"../../../Engine/Content/VREditor/LaserPointer/LaserPointerMesh_Start.uasset" 346
"../../../Engine/Content/Functions/Engine_MaterialFunctions02/Utility/BreakOutFloat3Components.uasset" 347
"../../../Engine/Content/Functions/Engine_MaterialFunctions02/Math/Transform3x3Matrix.uasset" 348
"../../../Engine/Content/Functions/Engine_MaterialFunctions02/SplitComponents.uasset" 349
"../../../Engine/Content/Functions/Engine_MaterialFunctions02/Utility/MakeFloat3.uasset" 350
"../../../Engine/Content/VREditor/SnapGrid/SnapGridMaterial.uasset" 351
"../../../Engine/Content/VREditor/SnapGrid/SnapGridPlaneMesh.uasset" 352
"../../../Engine/Content/VREditor/Sounds/VR_teleport_Cue.uasset" 353
"../../../Engine/Content/VREditor/Sounds/UI/Click_on_Button_Cue.uasset" 354
"../../../Engine/Content/VREditor/Sounds/UI/Dockable_Window_Close.uasset" 355
"../../../Engine/Content/VREditor/Sounds/UI/Dockable_Window_Drop.uasset" 356
"../../../Engine/Content/VREditor/Sounds/UI/Dockable_Window_Open.uasset" 357
"../../../Engine/Content/VREditor/Sounds/UI/Dockable_Window_Pick_Up.uasset" 358
"../../../Engine/Content/VREditor/Sounds/UI/Drop_Item_From_ContentBrowser.uasset" 359
"../../../Engine/Content/VREditor/Sounds/UI/Floating_UI_Open-001.uasset" 360
"../../../Engine/Content/VREditor/Sounds/UI/Gizmo_Handle_Clicked.uasset" 361
"../../../Engine/Content/VREditor/Sounds/UI/Object_PickUp.uasset" 362
"../../../Engine/Content/VREditor/Sounds/UI/Object_Snaps_To_Another_Actor.uasset" 363
"../../../Engine/Content/VREditor/Sounds/UI/Object_Snaps_To_Grid.uasset" 364
"../../../Engine/Content/VREditor/Sounds/UI/Radial_Menu_FadeOut.uasset" 365
"../../../Engine/Content/VREditor/Sounds/UI/Scaling_Down.uasset" 366
"../../../Engine/Content/VREditor/Sounds/UI/Scaling_Up.uasset" 367
"../../../Engine/Content/VREditor/Sounds/UI/Selection_Changes.uasset" 368
"../../../Engine/Content/VREditor/Sounds/UI/Teleport_Mode_Entered.uasset" 369
"../../../Engine/Content/VREditor/Teleport/TeleportDirectionMaterial.uasset" 370
"../../../Engine/Content/VREditor/Teleport/TeleportDirectionMaterial_Inst.uasset" 371
"../../../Engine/Content/VREditor/Teleport/TeleportDirectionMesh.uasset" 372
"../../../Engine/Content/VREditor/TransformGizmo/BoundingBoxCorner.uasset" 373
"../../../Engine/Content/VREditor/TransformGizmo/BoundingBoxEdge.uasset" 374
"../../../Engine/Content/VREditor/TransformGizmo/PlaneTranslationHandle.uasset" 375
"../../../Engine/Content/VREditor/TransformGizmo/RotationHandle.uasset" 376
"../../../Engine/Content/VREditor/TransformGizmo/RotationHandleFull.uasset" 377
"../../../Engine/Content/VREditor/TransformGizmo/RotationHandleIndicator.uasset" 378
"../../../Engine/Content/VREditor/TransformGizmo/RotationHandleQuarter.uasset" 379
"../../../Engine/Content/VREditor/TransformGizmo/Main.uasset" 380
"../../../Engine/Content/VREditor/TransformGizmo/Xray.uasset" 381
"../../../Engine/Content/VREditor/TransformGizmo/SM_Dialog_Close.uasset" 382
"../../../Engine/Content/VREditor/TransformGizmo/SM_Dialog_Move.uasset" 383
"../../../Engine/Content/VREditor/TransformGizmo/SM_Sequencer_Key.uasset" 384
"../../../Engine/Content/VREditor/TransformGizmo/StartRotationHandleIndicator.uasset" 385
"../../../Engine/Content/VREditor/TransformGizmo/TransformGizmoMaterial_Inst.uasset" 386
"../../../Engine/Content/VREditor/TransformGizmo/TranslateArrowHandle.uasset" 387
"../../../Engine/Content/VREditor/TransformGizmo/TranslationHandle.uasset" 388
"../../../Engine/Content/VREditor/TransformGizmo/TranslucentTransformGizmoMaterial_Inst.uasset" 389
"../../../Engine/Content/VREditor/TransformGizmo/UniformScaleHandle.uasset" 390
"../../../Engine/Content/VREditor/UI/KeyDiskMaterial.uasset" 391
"../../../Engine/Content/VREditor/UI/DiscMaterial.uasset" 392
"../../../Engine/Content/VREditor/UI/SM_Radial_Disk.uasset" 393
"../../../Engine/Content/Functions/Engine_MaterialFunctions01/Gradient/RadialGradient.uasset" 394
"../../../Engine/Content/VREditor/WorldMovementGrid/SimpleGrid.uasset" 395
"../../../Engine/Content/VREditor/WorldMovementGrid/GridMaterial.uasset" 396
"../../../Engine/Content/Functions/Engine_MaterialFunctions01/Density/ExponentialDensity.uasset" 397
"../../../Engine/Content/VREditor/WorldMovementGrid/GridPostProcess.uasset" 398
"../../../Engine/Content/EditorLandscapeResources/FlattenHeightMat.uasset" 399
"../../../Engine/Content/VREditor/WorldMovementGrid/PlaneMesh.uasset" 400
"../../../Engine/Plugins/Runtime/GearVR/Content/Textures/GearVRController_AO.uasset" 401
"../../../Engine/Plugins/Runtime/GearVR/Content/Textures/GearVRController_Color.uasset" 402
"../../../Engine/Plugins/Runtime/GearVR/Content/Textures/GearVRController_Normal.uasset" 403
"../../../Engine/Plugins/Runtime/GearVR/Content/Materials/GearVRControllerMaterial.uasset" 404
"../../../Engine/Plugins/Runtime/GearVR/Content/Meshes/GearVrController.uasset" 405
"../../../OneGun/Content/Utility/I_SpawnsRooms.uasset" 406
"../../../OneGun/Content/Utility/IntVector.uasset" 407
"../../../OneGun/Content/Utility/BP_RoomSpawnProbe.uasset" 408
"../../../OneGun/Content/Content/Props/Placeables/Bulkhead/Bulkhead_Material_BaseColor.uasset" 409
"../../../OneGun/Content/Content/Props/Placeables/Bulkhead/Bulkhead_Material_Normal.uasset" 410
"../../../OneGun/Content/Content/Props/Placeables/Bulkhead/Bulkhead_Material_OcclusionRoughnessMetallic.uasset" 411
"../../../OneGun/Content/Content/Props/Placeables/Bulkhead/MAT_Bulkhead.uasset" 412
"../../../OneGun/Content/Content/Props/Placeables/Bulkhead/Bulkhead.uasset" 413
"../../../OneGun/Content/Content/Props/Placeables/Bulkhead/BP_Bulkhead.uasset" 414
"../../../OneGun/Content/Utility/I_SpawnsDoors.uasset" 415
"../../../OneGun/Content/Utility/DoorSpawner.uasset" 416
"../../../OneGun/Content/Utility/BP_FloorMaster.uasset" 417
"../../../OneGun/Content/Content/Props/EnvironmentalHazards/Buzzsaw/buzzsaw_base_BaseColor.uasset" 418
"../../../OneGun/Content/Content/Props/EnvironmentalHazards/Buzzsaw/buzzsaw_base_Metalness.uasset" 419
"../../../OneGun/Content/Content/Props/EnvironmentalHazards/Buzzsaw/buzzsaw_base_Normal.uasset" 420
"../../../OneGun/Content/Content/Props/EnvironmentalHazards/Buzzsaw/buzzsaw_base_Roughness.uasset" 421
"../../../OneGun/Content/Content/Props/EnvironmentalHazards/Buzzsaw/buzzsaw_base_mat.uasset" 422
"../../../OneGun/Content/Content/Props/EnvironmentalHazards/Buzzsaw/A_BuzzsawSound.uasset" 423
"../../../OneGun/Content/Content/Props/EnvironmentalHazards/Buzzsaw/ATT_BuzzsawSoundAttentuation.uasset" 424
"../../../OneGun/Content/Content/Props/EnvironmentalHazards/Buzzsaw/buzzsaw_blade_unnamed1_BaseColor.uasset" 425
"../../../OneGun/Content/Content/Props/EnvironmentalHazards/Buzzsaw/buzzsaw_blade_unnamed1_Normal.uasset" 426
"../../../OneGun/Content/Content/Props/EnvironmentalHazards/Buzzsaw/buzzsaw_blade_unnamed1_OcclusionRoughnessMetallic.uasset" 427
"../../../OneGun/Content/Content/Props/EnvironmentalHazards/Buzzsaw/buzzsaw_blade_mat.uasset" 428
"../../../OneGun/Content/Content/Props/EnvironmentalHazards/Buzzsaw/buzzsaw_blade_unnamed_BaseColor.uasset" 429
"../../../OneGun/Content/Content/Props/EnvironmentalHazards/Buzzsaw/buzzsaw_blade_unnamed_Normal.uasset" 430
"../../../OneGun/Content/Content/Props/EnvironmentalHazards/Buzzsaw/buzzsaw_blade_unnamed_OcclusionRoughnessMetallic.uasset" 431
"../../../OneGun/Content/Content/Props/EnvironmentalHazards/Buzzsaw/buzzsaw_pivot_mat.uasset" 432
"../../../OneGun/Content/Content/Props/EnvironmentalHazards/Buzzsaw/buzzsaw_2.uasset" 433
"../../../OneGun/Content/Content/Props/EnvironmentalHazards/Buzzsaw/buzzsaw_base.uasset" 434
"../../../OneGun/Content/Content/Props/EnvironmentalHazards/Buzzsaw/buzzsaw_collider.uasset" 435
"../../../OneGun/Content/Content/Props/EnvironmentalHazards/Buzzsaw/BP_Buzzsaw.uasset" 436
"../../../OneGun/Content/Content/Props/EnvironmentalHazards/Lasers/LaserBeam_Particles.uasset" 437
"../../../OneGun/Content/Content/Props/EnvironmentalHazards/Lasers/LaserBeam.uasset" 438
"../../../OneGun/Content/Content/Props/Pickups/Shield/EnergyShield.uasset" 439
"../../../OneGun/Content/Content/Props/Pickups/Shield/BP_EnergyShield.uasset" 440
"../../../OneGun/Content/Content/Props/Placeables/Lootcrate/Lootcrate_Tetraedr_uv_Skeleton.uasset" 441
"../../../OneGun/Content/Content/Props/Placeables/Lootcrate/Lootcrate_Tetraedr_uv_Anim.uasset" 442
"../../../OneGun/Content/Content/Props/Pickups/Bombs/BaBomb__BaseColor.uasset" 443
"../../../OneGun/Content/Content/Props/Pickups/Bombs/BaBomb__Normal.uasset" 444
"../../../OneGun/Content/Content/Props/Pickups/Bombs/BaBomb__OcclusionRoughnessMetallic.uasset" 445
"../../../OneGun/Content/Content/Props/Pickups/Bombs/MAT-Bomb-box.uasset" 446
"../../../OneGun/Content/Content/Props/Pickups/Bombs/BaBomb_1_BaseColor.uasset" 447
"../../../OneGun/Content/Content/Props/Pickups/Bombs/BaBomb_1_Normal.uasset" 448
"../../../OneGun/Content/Content/Props/Pickups/Bombs/BaBomb_1_OcclusionRoughnessMetallic.uasset" 449
"../../../OneGun/Content/Content/Props/Pickups/Bombs/MAT_Bomb-tanks.uasset" 450
"../../../OneGun/Content/Content/Props/Pickups/Bombs/BaBomb_2_BaseColor.uasset" 451
"../../../OneGun/Content/Content/Props/Pickups/Bombs/BaBomb_2_Normal.uasset" 452
"../../../OneGun/Content/Content/Props/Pickups/Bombs/BaBomb_2_OcclusionRoughnessMetallic.uasset" 453
"../../../OneGun/Content/Content/Props/Pickups/Bombs/MAT_Bomb-wires.uasset" 454
"../../../OneGun/Content/Content/Props/Pickups/Bombs/BaBomb.uasset" 455
"../../../OneGun/Content/Content/Props/Pickups/Bombs/BP_BombProp.uasset" 456
"../../../OneGun/Content/Content/Props/Pickups/Keycard/M_KeycardSphere.uasset" 457
"../../../OneGun/Content/Content/Props/Pickups/Keycard/key_Material_001_BaseColor.uasset" 458
"../../../OneGun/Content/Content/Props/Pickups/Keycard/key_Material_001_Normal.uasset" 459
"../../../OneGun/Content/Content/Props/Pickups/Keycard/key_Material_001_OcclusionRoughnessMetallic.uasset" 460
"../../../OneGun/Content/Content/Props/Pickups/Keycard/MAT_Key.uasset" 461
"../../../OneGun/Content/Content/Props/Pickups/Keycard/key.uasset" 462
"../../../OneGun/Content/Content/Props/Pickups/Keycard/BP_Keycard.uasset" 463
"../../../OneGun/Content/Content/Props/Pickups/Money/MAT_Credit.uasset" 464
"../../../OneGun/Content/Content/Props/Pickups/Money/credit.uasset" 465
"../../../OneGun/Content/Content/Props/Pickups/Money/Money_bp.uasset" 466
"../../../OneGun/Content/Content/Props/Placeables/Lootcrate/Ceramic/Lootcrate_Tetraedr_uv_DefaultMaterial_BaseColor.uasset" 467
"../../../OneGun/Content/Content/Props/Placeables/Lootcrate/Ceramic/Lootcrate_Tetraedr_uv_DefaultMaterial_Normal.uasset" 468
"../../../OneGun/Content/Content/Props/Placeables/Lootcrate/Ceramic/Lootcrate_Tetraedr_uv_DefaultMaterial_OcclusionRoughnessMetallic.uasset" 469
"../../../OneGun/Content/Content/Props/Placeables/Lootcrate/Ceramic/LootcrateTetraedrCeramic_mat.uasset" 470
"../../../OneGun/Content/Content/Props/Placeables/Lootcrate/Hex/Lootcrate_Tetraedr_uv_DefaultMaterial_BaseColor.uasset" 471
"../../../OneGun/Content/Content/Props/Placeables/Lootcrate/Hex/Lootcrate_Tetraedr_uv_DefaultMaterial_Normal.uasset" 472
"../../../OneGun/Content/Content/Props/Placeables/Lootcrate/Hex/Lootcrate_Tetraedr_uv_DefaultMaterial_OcclusionRoughnessMetallic.uasset" 473
"../../../OneGun/Content/Content/Props/Placeables/Lootcrate/Hex/LootcrateTetraedrHex_mat.uasset" 474
"../../../OneGun/Content/Content/Props/Placeables/Lootcrate/MAT_CrateBeacon.uasset" 475
"../../../OneGun/Content/Content/Props/Placeables/Lootcrate/Rusty/Lootcrate_Tetraedr_uv_DefaultMaterial_BaseColor.uasset" 476
"../../../OneGun/Content/Content/Props/Placeables/Lootcrate/Rusty/Lootcrate_Tetraedr_uv_DefaultMaterial_Normal.uasset" 477
"../../../OneGun/Content/Content/Props/Placeables/Lootcrate/Rusty/Lootcrate_Tetraedr_uv_DefaultMaterial_OcclusionRoughnessMetallic.uasset" 478
"../../../OneGun/Content/Content/Props/Placeables/Lootcrate/Rusty/LootcrateTetraedrRusty_mat.uasset" 479
"../../../OneGun/Content/Content/Props/Placeables/Lootcrate/Lootcrate_Tetraedr_uv_PhysicsAsset.uasset" 480
"../../../OneGun/Content/Content/Props/Placeables/Lootcrate/Lootcrate_Tetraedr_uv.uasset" 481
"../../../OneGun/Content/Content/Props/Placeables/Lootcrate/BP_LootcrateTetraedr.uasset" 482
"../../../OneGun/Content/Content/Props/Props/Skybox/TEX_Skybox.uasset" 483
"../../../OneGun/Content/Content/Props/Props/Skybox/MAT_Skybox.uasset" 484
"../../../OneGun/Content/Geometry/Walls/Wall_Medium_Reinforced_Straight/Wall_Medium_Reinforced_Straight_UV__Cross_BaseColor.uasset" 485
"../../../OneGun/Content/Geometry/Walls/Wall_Medium_Reinforced_Straight/Wall_Medium_Reinforced_Straight_UV__Cross_Normal.uasset" 486
"../../../OneGun/Content/Geometry/Walls/Wall_Medium_Reinforced_Straight/Wall_Medium_Reinforced_Straight_UV__Cross_OcclusionRoughnessMetallic.uasset" 487
"../../../OneGun/Content/Geometry/Walls/Wall_Medium_Reinforced_Straight/Cross.uasset" 488
"../../../OneGun/Content/Content/Props/Placeables/Teleport/W_Teleport.uasset" 489
"../../../OneGun/Content/Content/Props/Placeables/Teleport/BP_Teleport.uasset" 490
"../../../Engine/Content/EngineSky/T_Sky_Blue.uasset" 491
"../../../Engine/Content/EngineSky/T_Sky_Clouds_M.uasset" 492
"../../../Engine/Content/EngineSky/T_Sky_Stars.uasset" 493
"../../../Engine/Content/EngineSky/M_Sky_Panning_Clouds2.uasset" 494
"../../../Engine/Content/EngineSky/SM_SkySphere.uasset" 495
"../../../OneGun/Content/Content/Props/Props/Skybox/BP_Skybox.uasset" 496
"../../../OneGun/Content/FirstPerson/Textures/FirstPersonCrosshair.uasset" 497
"../../../OneGun/Content/FirstPersonBP/Blueprints/HUD/FirstPersonHUD.uasset" 498
"../../../OneGun/Content/FirstPersonBP/Blueprints/FirstPersonGameMode.uasset" 499
"../../../OneGun/Content/Maps/Floor1_BuiltData.uasset" 500
"../../../OneGun/Content/Maps/Floor1.umap" 501
"../../../OneGun/Content/Content/Props/Placeables/SpecialRooms/BP_Boss.uasset" 502
"../../../OneGun/Content/Content/Props/Placeables/SpecialRooms/BP_Shop.uasset" 503
"../../../OneGun/Content/Content/Props/Placeables/SpecialRooms/BP_Treasure.uasset" 504
"../../../OneGun/Content/Content/Props/Placeables/SpecialRooms/BP_ShopSpawner.uasset" 505
"../../../OneGun/Content/Utility/BP_CloseDoorOnEntrance.uasset" 506
"../../../OneGun/Content/Content/Meshes/1M_Cube_Chamfer.uasset" 507
"../../../OneGun/Content/Utility/SpacerProbe.uasset" 508
"../../../OneGun/Content/Geometry/Levels/Endcaps/Endcap1x1_001_Room.uasset" 509
"../../../OneGun/Content/Maps/Rooms/BossArenas/BossArena_01.umap" 510
"../../../OneGun/Content/Content/Props/Lights/Material.uasset" 511
"../../../OneGun/Content/Geometry/Levels/Corridors/Corridor1x1_001_Room.uasset" 512
"../../../OneGun/Content/Maps/Rooms/Corridors/Corridor_01.umap" 513
"../../../OneGun/Content/Geometry/Levels/Crossroads/Crossroad1x1_001.uasset" 514
"../../../OneGun/Content/Maps/Rooms/Crossroads/Crossroad_01.umap" 515
"../../../OneGun/Content/Maps/Rooms/Endcaps/Endcap_01.umap" 516
"../../../OneGun/Content/Maps/Rooms/FirstRooms/First_Corridor_01_BuiltData.uasset" 517
"../../../OneGun/Content/Geometry/Walls/Pillar_Low_Curved/Box_Brush_StaticMesh.uasset" 518
"../../../OneGun/Content/Geometry/Walls/Wall_Low_Curved_Corner90/Wall_Low_Curved_Corner90_BaseColor.uasset" 519
"../../../OneGun/Content/Geometry/Walls/Wall_Low_Curved_Corner90/Wall_Low_Curved_Corner90_Normal.uasset" 520
"../../../OneGun/Content/Geometry/Walls/Wall_Low_Curved_Corner90/Wall_Low_Curved_Corner90_OcclusionRoughnessMetallic.uasset" 521
"../../../OneGun/Content/Geometry/Walls/Wall_Low_Curved_Corner90/MAT_Wall_Low_Curved_Corner90.uasset" 522
"../../../OneGun/Content/Geometry/Walls/Wall_Low_Curved_Corner90/Wall_Low_Curved_Corner90_LP.uasset" 523
"../../../OneGun/Content/Geometry/Walls/Wall_Low_Curved_Straight/Wall_Low_Curved_Straight_BaseColor.uasset" 524
"../../../OneGun/Content/Geometry/Walls/Wall_Low_Curved_Straight/Wall_Low_Curved_Straight_Normal.uasset" 525
"../../../OneGun/Content/Geometry/Walls/Wall_Low_Curved_Straight/Wall_Low_Curved_Straight_OcclusionRoughnessMetallic.uasset" 526
"../../../OneGun/Content/Geometry/Walls/Wall_Low_Curved_Straight/MAT_Wall_Low_Curved_Straight.uasset" 527
"../../../OneGun/Content/Geometry/Walls/Wall_Low_Curved_Straight/Wall_Low_Curved_Straight.uasset" 528
"../../../OneGun/Content/Maps/Rooms/FirstRooms/First_Corridor_01.umap" 529
"../../../OneGun/Content/Maps/Rooms/FirstRooms/First_Crossroad_01_BuiltData.uasset" 530
"../../../OneGun/Content/Geometry/Walls/Wall_Medium_Reinforced_Straight/Wall_Medium_Reinforced_Straight_UV__Frame_BaseColor.uasset" 531
"../../../OneGun/Content/Geometry/Walls/Wall_Medium_Reinforced_Straight/Wall_Medium_Reinforced_Straight_UV__Frame_Normal.uasset" 532
"../../../OneGun/Content/Geometry/Walls/Wall_Medium_Reinforced_Straight/Wall_Medium_Reinforced_Straight_UV__Frame_OcclusionRoughnessMetallic.uasset" 533
"../../../OneGun/Content/Geometry/Walls/Wall_Medium_Reinforced_Straight/Frame.uasset" 534
"../../../OneGun/Content/Geometry/Walls/Wall_Medium_Reinforced_Straight/Wall_Medium_Reinforced_Straight_UV__Wall_BaseColor.uasset" 535
"../../../OneGun/Content/Geometry/Walls/Wall_Medium_Reinforced_Straight/Wall_Medium_Reinforced_Straight_UV__Wall_Normal.uasset" 536
"../../../OneGun/Content/Geometry/Walls/Wall_Medium_Reinforced_Straight/Wall_Medium_Reinforced_Straight_UV__Wall_OcclusionRoughnessMetallic.uasset" 537
"../../../OneGun/Content/Geometry/Walls/Wall_Medium_Reinforced_Straight/Wall.uasset" 538
"../../../OneGun/Content/Geometry/Walls/Wall_Medium_Reinforced_Straight/Wall_Medium_Reinforced_Straight_UV_.uasset" 539
"../../../OneGun/Content/Maps/Rooms/FirstRooms/First_Crossroad_01.umap" 540
"../../../OneGun/Content/Maps/Rooms/FirstRooms/First_Endcap_01.umap" 541
"../../../OneGun/Content/Geometry/Levels/L_bends/L-bend1x1_001_Room.uasset" 542
"../../../OneGun/Content/Maps/Rooms/FirstRooms/First_L-bend_01.umap" 543
"../../../Engine/Content/VREditor/BasicMeshes/T_CleanFloorGrunge_01_D.uasset" 544
"../../../Engine/Content/VREditor/BasicMeshes/M_Floor_01.uasset" 545
"../../../Engine/Content/VREditor/BasicMeshes/MI_Ball_01.uasset" 546
"../../../OneGun/Content/Geometry/Levels/T_splits/T-split1x1_001_Room.uasset" 547
"../../../OneGun/Content/Maps/Rooms/FirstRooms/First_T-split_01.umap" 548
"../../../OneGun/Content/Maps/Rooms/L-bends/L-bend_01.umap" 549
"../../../OneGun/Content/Maps/Rooms/Shops/Shop_01.umap" 550
"../../../OneGun/Content/Maps/Rooms/StartingRooms/Start_Corridor_01.umap" 551
"../../../OneGun/Content/Maps/Rooms/StartingRooms/Start_Crossroad_01.umap" 552
"../../../OneGun/Content/Maps/Rooms/StartingRooms/Start_Endcap_01.umap" 553
"../../../OneGun/Content/Maps/Rooms/StartingRooms/Start_L-bend_01.umap" 554
"../../../OneGun/Content/Maps/Rooms/StartingRooms/Start_T-split_01.umap" 555
"../../../OneGun/Content/Maps/Rooms/T-splits/T-split_01.umap" 556
"../../../OneGun/Content/Maps/Rooms/TreasureRooms/TreasureRoom_01.umap" 557
"../../../OneGun/Content/Content/Props/Lights/CageLightbulb.uasset" 558
"../../../OneGun/Content/Content/Props/Lights/CageLightbulb_BP.uasset" 559
"../../../OneGun/Content/Content/Props/Placeables/HealthMoteSpawn/HealthMoteSpawner_painted_BaseColor.uasset" 560
"../../../OneGun/Content/Content/Props/Placeables/HealthMoteSpawn/HealthMoteSpawner_painted_Metalness.uasset" 561
"../../../OneGun/Content/Content/Props/Placeables/HealthMoteSpawn/HealthMoteSpawner_painted_Normal.uasset" 562
"../../../OneGun/Content/Content/Props/Placeables/HealthMoteSpawn/HealthMoteSpawner_painted_Roughness.uasset" 563
"../../../OneGun/Content/Content/Props/Placeables/HealthMoteSpawn/HealthMoteStand_mat.uasset" 564
"../../../OneGun/Content/Content/Props/Placeables/HealthMoteSpawn/HealthMoteStand.uasset" 565
"../../../OneGun/Content/Content/Props/Placeables/HealthMoteSpawn/HealthMoteStand_bp.uasset" 566
"../../../OneGun/Content/Content/Props/Upgrades/UP_AmmoPlus_I/BP_UP_AmmoPlus_I.uasset" 567
"../../../OneGun/Content/Content/Props/Upgrades/UP_FireRatePlus_I/BP_UP_FireRatePlus_I.uasset" 568
"../../../OneGun/Content/Geometry/Floors/Tiles/Tile/MAT_Tile.uasset" 569
"../../../OneGun/Content/Geometry/Floors/Tiles/Tile/Tile.uasset" 570
"../../../OneGun/Content/Geometry/Floors/Tiles/MisalignedTile/BP_MisalignedTile.uasset" 571
"../../../OneGun/Content/Maps/TestingMap/TestingMap_BuiltData.uasset" 572
"../../../Engine/Content/Functions/Engine_MaterialFunctions01/ImageAdjustment/CheapContrast.uasset" 573
"../../../Engine/Content/Functions/Engine_MaterialFunctions02/WorldPositionOffset/ObjectScale.uasset" 574
"../../../OneGun/Content/Content/Props/Props/FrostedGlass/FrostedGlass_normal.uasset" 575
"../../../OneGun/Content/Content/Props/Props/FrostedGlass/TEX_FrostedGlass.uasset" 576
"../../../OneGun/Content/Content/Props/Props/FrostedGlass/MAT_FrostedGlass.uasset" 577
"../../../OneGun/Content/Geometry/Walls/Mats/New_Graph_basecolor.uasset" 578
"../../../OneGun/Content/Geometry/Walls/Mats/New_Graph_metallic.uasset" 579
"../../../OneGun/Content/Geometry/Walls/Mats/New_Graph_normal.uasset" 580
"../../../OneGun/Content/Geometry/Walls/Mats/New_Graph_roughness.uasset" 581
"../../../OneGun/Content/Geometry/Walls/Mats/MAT_Wall.uasset" 582
"../../../OneGun/Content/Content/Meshes/1M_Cube.uasset" 583
"../../../OneGun/Content/Content/Props/Props/Crate/Crate_default_BaseColor.uasset" 584
"../../../OneGun/Content/Content/Props/Props/Crate/Crate_default_Normal.uasset" 585
"../../../OneGun/Content/Content/Props/Props/Crate/Crate_default_OcclusionRoughnessMetallic.uasset" 586
"../../../OneGun/Content/Content/Props/Props/Crate/M_Crate.uasset" 587
"../../../OneGun/Content/Content/Props/Props/Crate/Crate.uasset" 588
"../../../OneGun/Content/Content/Props/Props/Pipes/L_shape/L_shape_BaseColor.uasset" 589
"../../../OneGun/Content/Content/Props/Props/Pipes/L_shape/L_shape_Metalness.uasset" 590
"../../../OneGun/Content/Content/Props/Props/Pipes/L_shape/L_shape_Normal.uasset" 591
"../../../OneGun/Content/Content/Props/Props/Pipes/L_shape/L_shape_Roughness.uasset" 592
"../../../OneGun/Content/Content/Props/Props/Pipes/L_shape/L_shape_mat.uasset" 593
"../../../OneGun/Content/Content/Props/Props/Pipes/L_shape/L_shape.uasset" 594
"../../../OneGun/Content/Content/Props/Props/WorldParticles/DustParticle.uasset" 595
"../../../OneGun/Content/Content/Props/Props/WorldParticles/DustParticle_mat.uasset" 596
"../../../OneGun/Content/Content/Props/Props/WorldParticles/WorldParticles.uasset" 597
"../../../OneGun/Content/Maps/TestingMap/TestingMap.umap" 598
"../../../OneGun/Content/Geometry/Levels/Filler_Fbx_Default_Material_BaseColor.uasset" 599
"../../../OneGun/Content/Geometry/Levels/Filler_Fbx_Default_Material_Normal.uasset" 600
"../../../OneGun/Content/Geometry/Levels/Filler_Fbx_Default_Material_OcclusionRoughnessMetallic.uasset" 601
"../../../OneGun/Content/Geometry/Levels/MAT_Filler.uasset" 602
"../../../OneGun/Content/Geometry/Levels/Filler.uasset" 603
"../../../OneGun/Content/Geometry/Levels/FillerLevel.umap" 604
"../../../Engine/Content/Maps/Entry.umap" 605
